  Core.cpp
Core.cpp(265): warning C4018: '<' : signed/unsigned mismatch
Core.cpp(318): warning C4018: '<' : signed/unsigned mismatch
Core.cpp(326): warning C4018: '<' : signed/unsigned mismatch
Core.cpp(379): warning C4018: '<' : signed/unsigned mismatch
Core.cpp(387): warning C4018: '<' : signed/unsigned mismatch
Core.cpp(440): warning C4018: '<' : signed/unsigned mismatch
Core.cpp(490): warning C4018: '<' : signed/unsigned mismatch
Core.cpp(558): warning C4244: '=' : conversion from 'std::chrono::system_clock::rep' to 'unsigned int', possible loss of data
Core.cpp(608): warning C4244: '=' : conversion from 'std::chrono::system_clock::rep' to 'unsigned int', possible loss of data
Core.cpp(658): warning C4244: '=' : conversion from 'std::chrono::system_clock::rep' to 'unsigned int', possible loss of data
Core.cpp(802): warning C4018: '<' : signed/unsigned mismatch
Core.cpp(1092): warning C4018: '<' : signed/unsigned mismatch
Core.cpp(1279): warning C4018: '<' : signed/unsigned mismatch
Core.cpp(1286): warning C4018: '<' : signed/unsigned mismatch
Core.cpp(1295): warning C4018: '<' : signed/unsigned mismatch
Core.cpp(1481): warning C4018: '<' : signed/unsigned mismatch
Core.cpp(1488): warning C4018: '<' : signed/unsigned mismatch
Core.cpp(1497): warning C4018: '<' : signed/unsigned mismatch
Core.cpp(1683): warning C4018: '<' : signed/unsigned mismatch
Core.cpp(1690): warning C4018: '<' : signed/unsigned mismatch
Core.cpp(1913): warning C4244: '=' : conversion from 'std::chrono::system_clock::rep' to 'unsigned int', possible loss of data
Core.cpp(1949): warning C4244: '=' : conversion from 'std::chrono::system_clock::rep' to 'unsigned int', possible loss of data
Core.cpp(1985): warning C4244: '=' : conversion from 'std::chrono::system_clock::rep' to 'unsigned int', possible loss of data
Core.cpp(2043): warning C4244: '=' : conversion from 'std::chrono::system_clock::rep' to 'unsigned int', possible loss of data
Core.cpp(2079): warning C4244: '=' : conversion from 'std::chrono::system_clock::rep' to 'unsigned int', possible loss of data
Core.cpp(2115): warning C4244: '=' : conversion from 'std::chrono::system_clock::rep' to 'unsigned int', possible loss of data
Core.cpp(2175): warning C4244: '=' : conversion from 'std::chrono::system_clock::rep' to 'unsigned int', possible loss of data
Core.cpp(2219): warning C4244: '=' : conversion from 'std::chrono::system_clock::rep' to 'unsigned int', possible loss of data
Core.cpp(2263): warning C4244: '=' : conversion from 'std::chrono::system_clock::rep' to 'unsigned int', possible loss of data
Core.cpp(2318): warning C4244: '=' : conversion from 'std::chrono::system_clock::rep' to 'unsigned int', possible loss of data
Core.cpp(2368): warning C4244: '=' : conversion from 'std::chrono::system_clock::rep' to 'unsigned int', possible loss of data
Core.cpp(2418): warning C4244: '=' : conversion from 'std::chrono::system_clock::rep' to 'unsigned int', possible loss of data
Core.cpp(2509): warning C4018: '<' : signed/unsigned mismatch
Core.cpp(2552): warning C4244: 'argument' : conversion from 'double' to 'mpir_ui', possible loss of data
Core.cpp(2601): warning C4244: 'argument' : conversion from 'double' to 'mpir_ui', possible loss of data
Core.cpp(2603): warning C4129: 'E' : unrecognized character escape sequence
Core.cpp(2673): warning C4244: 'argument' : conversion from 'double' to 'mpir_ui', possible loss of data
Core.cpp(2721): warning C4244: 'argument' : conversion from 'double' to 'mpir_ui', possible loss of data
Core.cpp(2723): warning C4129: 'E' : unrecognized character escape sequence
Core.cpp(2792): warning C4244: 'argument' : conversion from 'double' to 'mpir_ui', possible loss of data
Core.cpp(2840): warning C4244: 'argument' : conversion from 'double' to 'mpir_ui', possible loss of data
Core.cpp(2842): warning C4129: 'E' : unrecognized character escape sequence
Core.cpp(2912): warning C4244: 'argument' : conversion from 'double' to 'mpir_ui', possible loss of data
Core.cpp(2960): warning C4244: 'argument' : conversion from 'double' to 'mpir_ui', possible loss of data
Core.cpp(2962): warning C4129: 'E' : unrecognized character escape sequence
Core.cpp(3031): warning C4244: 'argument' : conversion from 'double' to 'mpir_ui', possible loss of data
Core.cpp(3079): warning C4244: 'argument' : conversion from 'double' to 'mpir_ui', possible loss of data
Core.cpp(3081): warning C4129: 'E' : unrecognized character escape sequence
Core.cpp(3121): warning C4018: '<' : signed/unsigned mismatch
Core.cpp(3284): warning C4101: 'flag' : unreferenced local variable
Core.cpp(3522): warning C4101: 'avWidthArea' : unreferenced local variable
Core.cpp(3522): warning C4101: 'avHeightArea' : unreferenced local variable
LINK : warning LNK4098: defaultlib 'LIBCMTD' conflicts with use of other libs; use /NODEFAULTLIB:library
  Generating code
  Finished generating code
  AutoVCSLiu.vcxproj -> C:\Users\Widhian\Documents\Visual Studio 2012\Projects\AutoVCSLiu\Release\AutoVCSLiu.exe
